<?xml version="1.0" encoding="UTF-8"?>
<!-- Generated by org.testng.reporters.JUnitReportReporter -->
<testsuite hostname="KISHORIPRAVIN" failures="0" tests="1" name="com.SAF.tests.LoginPageTest" time="0.011" errors="0" timestamp="2025-07-10T18:17:51 IST" skipped="0">
  <testcase classname="com.SAF.tests.LoginPageTest" name="login" time="0.011"/>
</testsuite> <!-- com.SAF.tests.LoginPageTest -->
